0 verbose cli /usr/local/bin/node /usr/local/bin/npm
1 info using npm@8.6.0
2 info using node@v16.13.1
3 timing npm:load:whichnode Completed in 1ms
4 timing config:load:defaults Completed in 4ms
5 timing config:load:file:/usr/local/lib/node_modules/npm/npmrc Completed in 1ms
6 timing config:load:builtin Completed in 1ms
7 timing config:load:cli Completed in 3ms
8 timing config:load:env Completed in 1ms
9 timing config:load:file:/Users/apple/Downloads/express_intro-main/.npmrc Completed in 0ms
10 timing config:load:project Completed in 6ms
11 timing config:load:file:/Users/apple/.npmrc Completed in 0ms
12 timing config:load:user Completed in 0ms
13 timing config:load:file:/usr/local/etc/npmrc Completed in 3ms
14 timing config:load:global Completed in 4ms
15 timing config:load:validate Completed in 0ms
16 timing config:load:credentials Completed in 2ms
17 timing config:load:setEnvs Completed in 1ms
18 timing config:load Completed in 23ms
19 timing npm:load:configload Completed in 24ms
20 timing npm:load:mkdirpcache Completed in 2ms
21 timing npm:load:mkdirplogs Completed in 2ms
22 verbose title npm view uuid description dist-tags.latest homepage version
23 verbose argv "view" "--json" "uuid" "description" "dist-tags.latest" "homepage" "version"
24 timing npm:load:setTitle Completed in 39ms
25 timing config:load:flatten Completed in 6ms
26 timing npm:load:display Completed in 8ms
27 verbose logfile logs-max:10 dir:/Users/apple/Downloads/express_intro-main/C:UsersUsernodejsnpm-cache/_logs
28 verbose logfile /Users/apple/Downloads/express_intro-main/C:UsersUsernodejsnpm-cache/_logs/2022-06-14T05_56_57_068Z-debug-0.log
29 timing npm:load:logFile Completed in 11ms
30 timing npm:load:timers Completed in 0ms
31 timing npm:load:configScope Completed in 0ms
32 timing npm:load Completed in 88ms
33 silly logfile done cleaning log files
34 http fetch GET 200 https://registry.npmjs.org/npm 5569ms (cache miss)
35 http fetch GET 200 https://registry.npmjs.org/uuid 8738ms (cache miss)
36 timing command:view Completed in 8769ms
37 notice
37 notice New minor version of npm available! 8.6.0 -> 8.12.1
37 notice Changelog: <https://github.com/npm/cli/releases/tag/v8.12.1>
37 notice Run `npm install -g npm@8.12.1` to update!
37 notice
38 verbose exit 0
39 timing npm Completed in 8885ms
40 info ok
